<?xml version="1.0" encoding="UTF-8"?>
<testng-results skipped="0" failed="0" ignored="0" total="0" passed="0">
  <reporter-output>
  </reporter-output>
  <suite name="Suite1" duration-ms="973" started-at="2021-01-24T01:24:23Z" finished-at="2021-01-24T01:24:24Z">
    <groups>
    </groups>
    <test name="DbArrivals" duration-ms="973" started-at="2021-01-24T01:24:23Z" finished-at="2021-01-24T01:24:24Z">
      <class name="com.leaseplan.tests.Arrivals">
        <test-method status="PASS" signature="setup()[pri:0, instance:com.leaseplan.tests.Arrivals@31d92942]" name="setup" is-config="true" duration-ms="969" started-at="2021-01-24T01:24:23Z" finished-at="2021-01-24T01:24:24Z">
          <reporter-output>
          </reporter-output>
        </test-method> <!-- setup -->
      </class> <!-- com.leaseplan.tests.Arrivals -->
    </test> <!-- DbArrivals -->
  </suite> <!-- Suite1 -->
</testng-results>
